{
  "RSpec": {
    "coverage": {
      "/Users/billy/Turing/3mod/projects/market_money_fe/config/environment.rb": {
        "lines": [
          null,
          1,
          null,
          null,
          1
        ]
      },
      "/Users/billy/Turing/3mod/projects/market_money_fe/config/application.rb": {
        "lines": [
          1,
          null,
          1,
          null,
          1,
          1,
          1,
          1,
          1,
          1,
          1,
          1,
          1,
          1,
          null,
          null,
          null,
          null,
          1,
          null,
          1,
          1,
          null,
          1,
          null,
          null,
          null,
          null,
          1,
          null,
          null,
          null,
          null,
          null,
          null,
          null,
          null,
          null,
          null,
          1,
          null,
          null
        ]
      },
      "/Users/billy/Turing/3mod/projects/market_money_fe/config/boot.rb": {
        "lines": [
          1,
          null,
          1,
          1
        ]
      },
      "/Users/billy/Turing/3mod/projects/market_money_fe/config/environments/test.rb": {
        "lines": [
          1,
          null,
          null,
          null,
          null,
          null,
          null,
          1,
          null,
          null,
          null,
          1,
          null,
          null,
          null,
          null,
          null,
          1,
          null,
          null,
          1,
          1,
          null,
          null,
          null,
          null,
          1,
          1,
          1,
          null,
          null,
          1,
          null,
          null,
          1,
          null,
          null,
          1,
          null,
          1,
          null,
          null,
          null,
          null,
          1,
          null,
          null,
          1,
          null,
          null,
          1,
          null,
          null,
          1,
          null,
          null,
          null,
          null,
          null,
          null,
          null,
          null,
          1,
          null
        ]
      },
      "/Users/billy/Turing/3mod/projects/market_money_fe/config/initializers/assets.rb": {
        "lines": [
          null,
          null,
          null,
          1,
          null,
          null,
          null,
          null,
          null,
          null,
          null,
          null
        ]
      },
      "/Users/billy/Turing/3mod/projects/market_money_fe/config/initializers/content_security_policy.rb": {
        "lines": [
          null,
          null,
          null,
          null,
          null,
          null,
          null,
          null,
          null,
          null,
          null,
          null,
          null,
          null,
          null,
          null,
          null,
          null,
          null,
          null,
          null,
          null,
          null,
          null,
          null
        ]
      },
      "/Users/billy/Turing/3mod/projects/market_money_fe/config/initializers/filter_parameter_logging.rb": {
        "lines": [
          null,
          null,
          null,
          null,
          null,
          1,
          null,
          null
        ]
      },
      "/Users/billy/Turing/3mod/projects/market_money_fe/config/initializers/inflections.rb": {
        "lines": [
          null,
          null,
          null,
          null,
          null,
          null,
          null,
          null,
          null,
          null,
          null,
          null,
          null,
          null,
          null,
          null
        ]
      },
      "/Users/billy/Turing/3mod/projects/market_money_fe/config/initializers/permissions_policy.rb": {
        "lines": [
          null,
          null,
          null,
          null,
          null,
          null,
          null,
          null,
          null,
          null,
          null,
          null,
          null
        ]
      },
      "/Users/billy/Turing/3mod/projects/market_money_fe/config/routes.rb": {
        "lines": [
          1,
          null,
          null,
          null,
          null,
          1,
          null,
          null,
          null,
          null,
          1,
          null
        ]
      },
      "/Users/billy/Turing/3mod/projects/market_money_fe/app/helpers/application_helper.rb": {
        "lines": [
          1,
          null
        ]
      },
      "/Users/billy/Turing/3mod/projects/market_money_fe/app/facades/market_facade.rb": {
        "lines": [
          1,
          1,
          null,
          null,
          1,
          2,
          null,
          2,
          null,
          2,
          1692,
          null,
          null,
          2,
          null,
          null
        ]
      },
      "/Users/billy/Turing/3mod/projects/market_money_fe/app/services/market_service.rb": {
        "lines": [
          1,
          1,
          2,
          null,
          null,
          1,
          2,
          2,
          null,
          null,
          null,
          null,
          null,
          null,
          1,
          2,
          null,
          null
        ]
      },
      "/Users/billy/Turing/3mod/projects/market_money_fe/app/poros/market.rb": {
        "lines": [
          1,
          1,
          null,
          null,
          null,
          null,
          null,
          null,
          null,
          null,
          null,
          1,
          1692,
          1692,
          1692,
          1692,
          1692,
          1692,
          1692,
          1692,
          1692,
          null,
          null
        ]
      }
    },
    "timestamp": 1716411317
  }
}
